  cJSON.c
F:\A3-git_repos\A0-C++Projects\socketEngine\depends\json\cJSON.c(175,13): warning C4996: 'sprintf': This function or variable may be unsafe. Consider using sprintf_s instead. To disable deprecation, use _CRT_SECURE_NO_WARNINGS. See online help for details.
F:\A3-git_repos\A0-C++Projects\socketEngine\depends\json\cJSON.c(177,13): warning C4996: 'sprintf': This function or variable may be unsafe. Consider using sprintf_s instead. To disable deprecation, use _CRT_SECURE_NO_WARNINGS. See online help for details.
F:\A3-git_repos\A0-C++Projects\socketEngine\depends\json\cJSON.c(192,17): warning C4996: 'sprintf': This function or variable may be unsafe. Consider using sprintf_s instead. To disable deprecation, use _CRT_SECURE_NO_WARNINGS. See online help for details.
F:\A3-git_repos\A0-C++Projects\socketEngine\depends\json\cJSON.c(196,17): warning C4996: 'sprintf': This function or variable may be unsafe. Consider using sprintf_s instead. To disable deprecation, use _CRT_SECURE_NO_WARNINGS. See online help for details.
F:\A3-git_repos\A0-C++Projects\socketEngine\depends\json\cJSON.c(203,17): warning C4996: 'sprintf': This function or variable may be unsafe. Consider using sprintf_s instead. To disable deprecation, use _CRT_SECURE_NO_WARNINGS. See online help for details.
F:\A3-git_repos\A0-C++Projects\socketEngine\depends\json\cJSON.c(207,17): warning C4996: 'sprintf': This function or variable may be unsafe. Consider using sprintf_s instead. To disable deprecation, use _CRT_SECURE_NO_WARNINGS. See online help for details.
F:\A3-git_repos\A0-C++Projects\socketEngine\depends\json\cJSON.c(265,17): warning C4996: 'sscanf': This function or variable may be unsafe. Consider using sscanf_s instead. To disable deprecation, use _CRT_SECURE_NO_WARNINGS. See online help for details.
F:\A3-git_repos\A0-C++Projects\socketEngine\depends\json\cJSON.c(275,21): warning C4996: 'sscanf': This function or variable may be unsafe. Consider using sscanf_s instead. To disable deprecation, use _CRT_SECURE_NO_WARNINGS. See online help for details.
F:\A3-git_repos\A0-C++Projects\socketEngine\depends\json\cJSON.c(380,17): warning C4996: 'sprintf': This function or variable may be unsafe. Consider using sprintf_s instead. To disable deprecation, use _CRT_SECURE_NO_WARNINGS. See online help for details.
F:\A3-git_repos\A0-C++Projects\socketEngine\depends\json\cJSON.c(581,36): warning C4267: “+=”: 从“size_t”转换到“int”，可能丢失数据
F:\A3-git_repos\A0-C++Projects\socketEngine\depends\json\cJSON.c(610,9): warning C4996: 'strcpy': This function or variable may be unsafe. Consider using strcpy_s instead. To disable deprecation, use _CRT_SECURE_NO_WARNINGS. See online help for details.
F:\A3-git_repos\A0-C++Projects\socketEngine\depends\json\cJSON.c(722,50): warning C4267: “+=”: 从“size_t”转换到“int”，可能丢失数据
F:\A3-git_repos\A0-C++Projects\socketEngine\depends\json\cJSON.c(760,9): warning C4996: 'strcpy': This function or variable may be unsafe. Consider using strcpy_s instead. To disable deprecation, use _CRT_SECURE_NO_WARNINGS. See online help for details.
F:\A3-git_repos\A0-C++Projects\socketEngine\depends\json\cJSON.c(765,9): warning C4996: 'strcpy': This function or variable may be unsafe. Consider using strcpy_s instead. To disable deprecation, use _CRT_SECURE_NO_WARNINGS. See online help for details.
  CJsonObject.cpp
  server.cpp
F:\A3-git_repos\A0-C++Projects\socketEngine\GateServer\server.cpp(1,1): warning C4819: 该文件包含不能在当前代码页(936)中表示的字符。请将该文件保存为 Unicode 格式以防止数据丢失
F:\A3-git_repos\A0-C++Projects\socketEngine\depends\include\CELL.hpp(1,1): warning C4819: 该文件包含不能在当前代码页(936)中表示的字符。请将该文件保存为 Unicode 格式以防止数据丢失
F:\A3-git_repos\A0-C++Projects\socketEngine\depends\include\Log.hpp(70,26): warning C4996: 'localtime': This function or variable may be unsafe. Consider using localtime_s instead. To disable deprecation, use _CRT_SECURE_NO_WARNINGS. See online help for details.
F:\A3-git_repos\A0-C++Projects\socketEngine\depends\include\Log.hpp(71,6): warning C4996: 'sprintf': This function or variable may be unsafe. Consider using sprintf_s instead. To disable deprecation, use _CRT_SECURE_NO_WARNINGS. See online help for details.
F:\A3-git_repos\A0-C++Projects\socketEngine\depends\include\Log.hpp(74,6): warning C4996: 'sprintf': This function or variable may be unsafe. Consider using sprintf_s instead. To disable deprecation, use _CRT_SECURE_NO_WARNINGS. See online help for details.
F:\A3-git_repos\A0-C++Projects\socketEngine\depends\include\Log.hpp(78,16): warning C4996: 'fopen': This function or variable may be unsafe. Consider using fopen_s instead. To disable deprecation, use _CRT_SECURE_NO_WARNINGS. See online help for details.
F:\A3-git_repos\A0-C++Projects\socketEngine\depends\include\Iocp.hpp(1,1): warning C4819: 该文件包含不能在当前代码页(936)中表示的字符。请将该文件保存为 Unicode 格式以防止数据丢失
F:\A3-git_repos\A0-C++Projects\socketEngine\depends\include\Client.hpp(172,6): warning C4996: 'strncpy': This function or variable may be unsafe. Consider using strncpy_s instead. To disable deprecation, use _CRT_SECURE_NO_WARNINGS. See online help for details.
F:\A3-git_repos\A0-C++Projects\socketEngine\depends\include\Server.hpp(1,1): warning C4819: 该文件包含不能在当前代码页(936)中表示的字符。请将该文件保存为 Unicode 格式以防止数据丢失
F:\A3-git_repos\A0-C++Projects\socketEngine\depends\include\IocpServer.hpp(1,1): warning C4819: 该文件包含不能在当前代码页(936)中表示的字符。请将该文件保存为 Unicode 格式以防止数据丢失
F:\A3-git_repos\A0-C++Projects\socketEngine\depends\include\HttpClientS.hpp(54,23): warning C4244: “=”: 从“__int64”转换到“int”，可能丢失数据
F:\A3-git_repos\A0-C++Projects\socketEngine\depends\include\HttpClientS.hpp(83,12): warning C4244: “初始化”: 从“__int64”转换到“int”，可能丢失数据
F:\A3-git_repos\A0-C++Projects\socketEngine\depends\include\HttpClientS.hpp(90,6): warning C4996: 'strncpy': This function or variable may be unsafe. Consider using strncpy_s instead. To disable deprecation, use _CRT_SECURE_NO_WARNINGS. See online help for details.
F:\A3-git_repos\A0-C++Projects\socketEngine\depends\include\HttpClientS.hpp(281,1): warning C4267: “参数”: 从“size_t”转换到“int”，可能丢失数据
F:\A3-git_repos\A0-C++Projects\socketEngine\depends\include\HttpClientS.hpp(267,5): warning C4996: 'sprintf': This function or variable may be unsafe. Consider using sprintf_s instead. To disable deprecation, use _CRT_SECURE_NO_WARNINGS. See online help for details.
F:\A3-git_repos\A0-C++Projects\socketEngine\depends\include\HttpClientS.hpp(271,5): warning C4996: 'strcat': This function or variable may be unsafe. Consider using strcat_s instead. To disable deprecation, use _CRT_SECURE_NO_WARNINGS. See online help for details.
F:\A3-git_repos\A0-C++Projects\socketEngine\depends\include\HttpClientS.hpp(272,5): warning C4996: 'strcat': This function or variable may be unsafe. Consider using strcat_s instead. To disable deprecation, use _CRT_SECURE_NO_WARNINGS. See online help for details.
F:\A3-git_repos\A0-C++Projects\socketEngine\depends\include\HttpClientS.hpp(273,5): warning C4996: 'strcat': This function or variable may be unsafe. Consider using strcat_s instead. To disable deprecation, use _CRT_SECURE_NO_WARNINGS. See online help for details.
F:\A3-git_repos\A0-C++Projects\socketEngine\depends\include\HttpClientS.hpp(275,5): warning C4996: 'strcat': This function or variable may be unsafe. Consider using strcat_s instead. To disable deprecation, use _CRT_SECURE_NO_WARNINGS. See online help for details.
F:\A3-git_repos\A0-C++Projects\socketEngine\depends\include\HttpClientS.hpp(276,5): warning C4996: 'strcat': This function or variable may be unsafe. Consider using strcat_s instead. To disable deprecation, use _CRT_SECURE_NO_WARNINGS. See online help for details.
F:\A3-git_repos\A0-C++Projects\socketEngine\depends\include\HttpClientS.hpp(277,5): warning C4996: 'strcat': This function or variable may be unsafe. Consider using strcat_s instead. To disable deprecation, use _CRT_SECURE_NO_WARNINGS. See online help for details.
F:\A3-git_repos\A0-C++Projects\socketEngine\depends\include\HttpClientS.hpp(278,5): warning C4996: 'strcat': This function or variable may be unsafe. Consider using strcat_s instead. To disable deprecation, use _CRT_SECURE_NO_WARNINGS. See online help for details.
F:\A3-git_repos\A0-C++Projects\socketEngine\depends\include\HttpClientS.hpp(279,5): warning C4996: 'strcat': This function or variable may be unsafe. Consider using strcat_s instead. To disable deprecation, use _CRT_SECURE_NO_WARNINGS. See online help for details.
F:\A3-git_repos\A0-C++Projects\socketEngine\depends\include\sha1.hpp(154,4): warning C4996: 'sprintf': This function or variable may be unsafe. Consider using sprintf_s instead. To disable deprecation, use _CRT_SECURE_NO_WARNINGS. See online help for details.
F:\A3-git_repos\A0-C++Projects\socketEngine\depends\include\base64.hpp(73,59): warning C4267: “=”: 从“size_t”转换到“unsigned char”，可能丢失数据
F:\A3-git_repos\A0-C++Projects\socketEngine\depends\include\base64.hpp(90,58): warning C4267: “=”: 从“size_t”转换到“unsigned char”，可能丢失数据
F:\A3-git_repos\A0-C++Projects\socketEngine\depends\include\WebSocketClientS.hpp(43,1): warning C4267: “参数”: 从“size_t”转换到“unsigned long”，可能丢失数据
F:\A3-git_repos\A0-C++Projects\socketEngine\depends\include\WebSocketClientS.hpp(56,1): warning C4267: “参数”: 从“size_t”转换到“int”，可能丢失数据
F:\A3-git_repos\A0-C++Projects\socketEngine\depends\include\WebSocketClientS.hpp(49,5): warning C4996: 'strcat': This function or variable may be unsafe. Consider using strcat_s instead. To disable deprecation, use _CRT_SECURE_NO_WARNINGS. See online help for details.
F:\A3-git_repos\A0-C++Projects\socketEngine\depends\include\WebSocketClientS.hpp(50,5): warning C4996: 'strcat': This function or variable may be unsafe. Consider using strcat_s instead. To disable deprecation, use _CRT_SECURE_NO_WARNINGS. See online help for details.
F:\A3-git_repos\A0-C++Projects\socketEngine\depends\include\WebSocketClientS.hpp(51,5): warning C4996: 'strcat': This function or variable may be unsafe. Consider using strcat_s instead. To disable deprecation, use _CRT_SECURE_NO_WARNINGS. See online help for details.
F:\A3-git_repos\A0-C++Projects\socketEngine\depends\include\WebSocketClientS.hpp(52,5): warning C4996: 'strcat': This function or variable may be unsafe. Consider using strcat_s instead. To disable deprecation, use _CRT_SECURE_NO_WARNINGS. See online help for details.
F:\A3-git_repos\A0-C++Projects\socketEngine\depends\include\WebSocketClientS.hpp(53,5): warning C4996: 'strcat': This function or variable may be unsafe. Consider using strcat_s instead. To disable deprecation, use _CRT_SECURE_NO_WARNINGS. See online help for details.
F:\A3-git_repos\A0-C++Projects\socketEngine\depends\include\WebSocketClientS.hpp(54,5): warning C4996: 'strcat': This function or variable may be unsafe. Consider using strcat_s instead. To disable deprecation, use _CRT_SECURE_NO_WARNINGS. See online help for details.
F:\A3-git_repos\A0-C++Projects\socketEngine\depends\include\WebSocketClientS.hpp(80,37): warning C4244: “参数”: 从“uint64_t”转换到“int”，可能丢失数据
F:\A3-git_repos\A0-C++Projects\socketEngine\GateServer\server.cpp(87,3): warning C4996: 'scanf': This function or variable may be unsafe. Consider using scanf_s instead. To disable deprecation, use _CRT_SECURE_NO_WARNINGS. See online help for details.
F:\A3-git_repos\A0-C++Projects\socketEngine\depends\include\Log.hpp(189,26): warning C4996: 'localtime': This function or variable may be unsafe. Consider using localtime_s instead. To disable deprecation, use _CRT_SECURE_NO_WARNINGS. See online help for details.
F:\A3-git_repos\A0-C++Projects\socketEngine\depends\include\Log.hpp(95): message : 查看对正在编译的函数 模板 实例化“void doyou::io::Log::EchoReal<char*>(bool,const char *,const char *,char *)”的引用
F:\A3-git_repos\A0-C++Projects\socketEngine\depends\include\Log.hpp(90): message : 查看对正在编译的函数 模板 实例化“void doyou::io::Log::PError<const char*>(const char *,const char *)”的引用
  正在生成代码...
  GateServer.vcxproj -> F:\A3-git_repos\A0-C++Projects\socketEngine\bin\x64\Debug\GateServer.exe
